<?xml version="1.0" encoding="UTF-8"?>
<testsuite name="quotes.AppTest" tests="1" skipped="0" failures="0" errors="0" timestamp="2021-08-04T17:13:55" hostname="DESKTOP-N63AM12" time="0.046">
  <properties/>
  <testcase name="appHasAGreeting()" classname="quotes.AppTest" time="0.046"/>
  <system-out><![CDATA[]]></system-out>
  <system-err><![CDATA[]]></system-err>
</testsuite>
